1970-01-01 00:49:16,103 - Robot changes to passive mode
1970-01-01 00:49:21,747 - Robot changing to full control mode
1970-01-01 00:49:23,600 - Robot goes left
1970-01-01 00:49:25,235 - Robot goes left
1970-01-01 00:49:25,876 - Robot goes left
1970-01-01 00:49:26,191 - Robot goes right
1970-01-01 00:49:26,749 - Robot goes right
1970-01-01 00:49:27,073 - Robot goes back
1970-01-01 00:49:27,440 - Robot goes back
1970-01-01 00:49:27,940 - Robot goes straight forward
1970-01-01 00:49:28,407 - Robot goes straight forward
1970-01-01 00:49:28,999 - Robot goes right
1970-01-01 00:49:29,523 - Robot goes right
1970-01-01 00:49:32,721 - Robot changing to full control mode
1970-01-01 00:49:33,990 - Robot goes left
1970-01-01 00:49:34,103 - Robot goes left
1970-01-01 00:49:34,327 - Robot goes right
1970-01-01 00:49:34,438 - Robot goes right
1970-01-01 00:49:43,022 - Robot changes to save mode
1970-01-01 00:49:44,679 - Robot goes left
1970-01-01 00:49:45,254 - Robot goes left
1970-01-01 00:49:45,549 - Robot goes right
1970-01-01 00:49:46,611 - Robot goes right
1970-01-01 00:49:46,724 - Robot goes straight forward
1970-01-01 00:49:47,882 - Robot goes straight forward
1970-01-01 00:49:47,904 - Robot goes left
1970-01-01 00:49:48,528 - Robot goes left
1970-01-01 00:49:48,607 - Robot goes straight forward
1970-01-01 00:49:50,748 - Robot goes straight forward
1970-01-01 00:49:50,806 - Robot goes right
1970-01-01 00:49:51,702 - Robot goes right
1970-01-01 00:49:52,151 - Robot goes back
1970-01-01 00:49:52,389 - Robot goes back
1970-01-01 00:49:52,496 - Robot goes back
1970-01-01 00:49:53,424 - Robot goes back
1970-01-01 00:49:53,510 - Robot goes left
1970-01-01 00:49:54,117 - Robot goes left
1970-01-01 00:49:54,235 - Robot goes right
1970-01-01 00:49:55,616 - Robot goes right
1970-01-01 00:49:55,671 - Robot goes back
1970-01-01 00:49:57,360 - Robot goes back
1970-01-01 00:49:57,401 - Robot goes left
1970-01-01 00:49:57,969 - Robot goes left
1970-01-01 00:49:58,080 - Robot goes right
