DEBUG:root:Action argument: PASSIVE_MODE
DEBUG:root:Finished argument: false
INFO:root:Robot changes to passive mode
DEBUG:root:Action execution status: 0
1970-01-01 00:49:16,103 - irobot - INFO - Robot changes to passive mode
1970-01-01 00:49:21,747 - irobot - INFO - Robot changing to full control mode
1970-01-01 00:49:23,600 - irobot - INFO - Robot goes left
1970-01-01 00:49:25,235 - irobot - INFO - Robot goes left
1970-01-01 00:49:25,876 - irobot - INFO - Robot goes left
1970-01-01 00:49:26,191 - irobot - INFO - Robot goes right
1970-01-01 00:49:26,749 - irobot - INFO - Robot goes right
1970-01-01 00:49:27,073 - irobot - INFO - Robot goes back
1970-01-01 00:49:27,440 - irobot - INFO - Robot goes back
1970-01-01 00:49:27,940 - irobot - INFO - Robot goes straight forward
1970-01-01 00:49:28,407 - irobot - INFO - Robot goes straight forward
1970-01-01 00:49:28,999 - irobot - INFO - Robot goes right
1970-01-01 00:49:29,523 - irobot - INFO - Robot goes right
1970-01-01 00:49:32,721 - irobot - INFO - Robot changing to full control mode
1970-01-01 00:49:33,990 - irobot - INFO - Robot goes left
1970-01-01 00:49:34,103 - irobot - INFO - Robot goes left
1970-01-01 00:49:34,327 - irobot - INFO - Robot goes right
1970-01-01 00:49:34,438 - irobot - INFO - Robot goes right
1970-01-01 00:49:43,022 - irobot - INFO - Robot changes to save mode
1970-01-01 00:49:44,679 - irobot - INFO - Robot goes left
1970-01-01 00:49:45,254 - irobot - INFO - Robot goes left
1970-01-01 00:49:45,549 - irobot - INFO - Robot goes right
1970-01-01 00:49:46,611 - irobot - INFO - Robot goes right
1970-01-01 00:49:46,724 - irobot - INFO - Robot goes straight forward
1970-01-01 00:49:47,882 - irobot - INFO - Robot goes straight forward
1970-01-01 00:49:47,904 - irobot - INFO - Robot goes left
1970-01-01 00:49:48,528 - irobot - INFO - Robot goes left
1970-01-01 00:49:48,607 - irobot - INFO - Robot goes straight forward
1970-01-01 00:49:50,748 - irobot - INFO - Robot goes straight forward
1970-01-01 00:49:50,806 - irobot - INFO - Robot goes right
1970-01-01 00:49:51,702 - irobot - INFO - Robot goes right
1970-01-01 00:49:52,151 - irobot - INFO - Robot goes back
1970-01-01 00:49:52,389 - irobot - INFO - Robot goes back